<?xml version="1.0" encoding="UTF-8"?>
<testsuite name="com.User_RegistrationTest" tests="5" skipped="0" failures="0" errors="0" timestamp="2021-05-16T09:17:24" hostname="FLUFFKIN" time="0.24">
  <properties/>
  <testcase name="givenFirstName_WhenProper_ShouldReturnTrue()" classname="com.User_RegistrationTest" time="0.142"/>
  <testcase name="givenLastName_WhenProper_ShouldReturnTrue()" classname="com.User_RegistrationTest" time="0.002"/>
  <testcase name="givenPassword_WhenProper_ShouldReturnTrue()" classname="com.User_RegistrationTest" time="0.061"/>
  <testcase name="givenContact_WhenProper_ShouldReturnTrue()" classname="com.User_RegistrationTest" time="0.008"/>
  <testcase name="givenEmail_WhenProper_ShouldReturnTrue()" classname="com.User_RegistrationTest" time="0.008"/>
  <system-out><![CDATA[]]></system-out>
  <system-err><![CDATA[]]></system-err>
</testsuite>
