<?xml version="1.0" encoding="UTF-8"?>
<testsuite name="com.User_RegistrationTest" tests="5" skipped="0" failures="0" errors="0" timestamp="2021-05-17T15:24:14" hostname="FLUFFKIN" time="0.062">
  <properties/>
  <testcase name="givenFirstName_WhenProper_ShouldReturnTrue()" classname="com.User_RegistrationTest" time="0.045"/>
  <testcase name="givenLastName_WhenProper_ShouldReturnTrue()" classname="com.User_RegistrationTest" time="0.002"/>
  <testcase name="givenPassword_WhenProper_ShouldReturnTrue()" classname="com.User_RegistrationTest" time="0.001"/>
  <testcase name="givenContact_WhenProper_ShouldReturnTrue()" classname="com.User_RegistrationTest" time="0.003"/>
  <testcase name="givenEmail_WhenProper_ShouldReturnTrue()" classname="com.User_RegistrationTest" time="0.004"/>
  <system-out><![CDATA[Valid
]]></system-out>
  <system-err><![CDATA[]]></system-err>
</testsuite>
