<?xml version="1.0" encoding="UTF-8"?>
<testsuite name="com.User_RegistrationTest" tests="5" skipped="0" failures="0" errors="0" timestamp="2021-05-16T06:53:48" hostname="FLUFFKIN" time="0.12">
  <properties/>
  <testcase name="givenFirstName_WhenProper_ShouldReturnTrue()" classname="com.User_RegistrationTest" time="0.075"/>
  <testcase name="givenLastName_WhenProper_ShouldReturnTrue()" classname="com.User_RegistrationTest" time="0.003"/>
  <testcase name="givenPassword_WhenProper_ShouldReturnTrue()" classname="com.User_RegistrationTest" time="0.022"/>
  <testcase name="givenContact_WhenProper_ShouldReturnTrue()" classname="com.User_RegistrationTest" time="0.003"/>
  <testcase name="givenEmail_WhenProper_ShouldReturnTrue()" classname="com.User_RegistrationTest" time="0.003"/>
  <system-out><![CDATA[]]></system-out>
  <system-err><![CDATA[]]></system-err>
</testsuite>
