<?xml version="1.0" encoding="UTF-8"?>
<testsuite name="com.User_RegistrationTest" tests="1" skipped="0" failures="0" errors="0" timestamp="2021-05-16T06:29:07" hostname="FLUFFKIN" time="0.08">
  <properties/>
  <testcase name="givenFirstName_WhenProper_ShouldReturnTrue()" classname="com.User_RegistrationTest" time="0.08"/>
  <system-out><![CDATA[]]></system-out>
  <system-err><![CDATA[]]></system-err>
</testsuite>
