<?xml version="1.0" encoding="UTF-8"?>
<testsuite name="com.User_RegistrationTest" tests="2" skipped="0" failures="0" errors="0" timestamp="2021-05-16T06:34:40" hostname="FLUFFKIN" time="0.066">
  <properties/>
  <testcase name="givenFirstName_WhenProper_ShouldReturnTrue()" classname="com.User_RegistrationTest" time="0.061"/>
  <testcase name="givenLastName_WhenProper_ShouldReturnTrue()" classname="com.User_RegistrationTest" time="0.001"/>
  <system-out><![CDATA[]]></system-out>
  <system-err><![CDATA[]]></system-err>
</testsuite>
